[2024-02-27 23:01:02] [ INFO ] [OdontologoIDAOH2:40] Odontologo: Luca Glass con Matricula: 123456se ingreso correctamente 
[2024-02-27 23:01:03] [ INFO ] [OdontologoIDAOH2:40] Odontologo: Sebastian Arellano con Matricula: 987654se ingreso correctamente 
[2024-02-27 23:06:18] [ INFO ] [OdontologoIDAOH2:40] Odontologo: Luca Glass con Matricula: 123456se ingreso correctamente 
[2024-02-27 23:06:18] [ INFO ] [OdontologoIDAOH2:40] Odontologo: Sebastian Arellano con Matricula: 987654se ingreso correctamente 
[2024-02-27 23:06:18] [ INFO ] [OdontologoIDAOH2:92]  Se encontro al Odontologo: Luca Glass con Matricula: 123456
[2024-02-27 23:06:19] [ INFO ] [OdontologoIDAOH2:138] Se encontraron 123456
[2024-02-27 23:06:19] [ INFO ] [OdontologoIDAOH2:138] Se encontraron 987654
[2024-02-27 23:45:39] [ INFO ] [OdontologoIDAOH2:43] Odontologo: Sebastian Arellano con Matricula: 123456se ingreso correctamente 
[2024-02-27 23:45:39] [ INFO ] [OdontologoIDAOH2:95]  Se encontro al Odontologo: Sebastian Arellano con Matricula: 123456
[2024-02-27 23:45:54] [ INFO ] [OdontologoIDAOH2:43] Odontologo: Sebastian Arellano con Matricula: 123456se ingreso correctamente 
[2024-02-27 23:45:54] [ INFO ] [OdontologoIDAOH2:43] Odontologo: Luca Glass con Matricula: 123456se ingreso correctamente 
[2024-02-27 23:45:54] [ INFO ] [OdontologoIDAOH2:141] Se encontraron 123456
[2024-02-27 23:45:54] [ INFO ] [OdontologoIDAOH2:141] Se encontraron 123456
[2024-02-27 23:47:52] [ INFO ] [OdontologoIDAOH2:43] Odontologo: Sebastian Arellano con Matricula: 123456se ingreso correctamente 
[2024-02-27 23:47:52] [ INFO ] [OdontologoIDAOH2:43] Odontologo: Luca Glass con Matricula: 123456se ingreso correctamente 
[2024-02-27 23:47:52] [ INFO ] [OdontologoIDAOH2:141] Se encontraron 123456
[2024-02-27 23:47:52] [ INFO ] [OdontologoIDAOH2:141] Se encontraron 123456
[2024-02-27 23:49:02] [ INFO ] [OdontologoIDAOH2:43] Odontologo: Sebastian Arellano con Matricula: 123456se ingreso correctamente 
[2024-02-27 23:49:03] [ INFO ] [OdontologoIDAOH2:43] Odontologo: Luca Glass con Matricula: 123456se ingreso correctamente 
[2024-02-27 23:49:03] [ INFO ] [OdontologoIDAOH2:141] Se encontraron 123456
[2024-02-27 23:49:03] [ INFO ] [OdontologoIDAOH2:141] Se encontraron 123456
